app/build/intermediates/manifest_merge_blame_file/debug/processDebugMainManifest/manifest-merger-blame-debug-report.txt
1<?xml version="1.0" encoding="utf-8"?>
2<manifest xmlns:android="http://schemas.android.com/apk/res/android"
3    package="com.example.fitme"
4    android:versionCode="1"
5    android:versionName="1.0" >
6
7    <uses-sdk
8        android:minSdkVersion="24"
9        android:targetSdkVersion="36" />
10
11    <uses-permission android:name="android.permission.INTERNET" />
11-->src\main\AndroidManifest.xml:4:5-67
11-->src\main\AndroidManifest.xml:4:22-64
12
13    <queries>
13-->[com.auth0.android:auth0:3.10.0] AndroidManifest.xml:12:5-20:15
14        <intent>
14-->[com.auth0.android:auth0:3.10.0] AndroidManifest.xml:13:9-19:18
15            <action android:name="android.intent.action.VIEW" />
15-->[com.auth0.android:auth0:3.10.0] AndroidManifest.xml:14:13-65
15-->[com.auth0.android:auth0:3.10.0] AndroidManifest.xml:14:21-62
16
17            <category android:name="android.intent.category.BROWSABLE" />
17-->[com.auth0.android:auth0:3.10.0] AndroidManifest.xml:16:13-74
17-->[com.auth0.android:auth0:3.10.0] AndroidManifest.xml:16:23-71
18
19            <data android:scheme="https" />
19-->[com.auth0.android:auth0:3.10.0] AndroidManifest.xml:18:13-44
19-->[com.auth0.android:auth0:3.10.0] AndroidManifest.xml:18:19-41
20        </intent>
21    </queries>
22
23    <uses-permission android:name="android.permission.USE_BIOMETRIC" /> <!-- suppress DeprecatedClassUsageInspection -->
23-->[androidx.biometric:biometric:1.4.0-alpha02] AndroidManifest.xml:22:5-72
23-->[androidx.biometric:biometric:1.4.0-alpha02] AndroidManifest.xml:22:22-69
24    <uses-permission android:name="android.permission.USE_FINGERPRINT" />
24-->[androidx.biometric:biometric:1.4.0-alpha02] AndroidManifest.xml:25:5-74
24-->[androidx.biometric:biometric:1.4.0-alpha02] AndroidManifest.xml:25:22-71
25
26    <permission
26-->[androidx.core:core:1.13.1] AndroidManifest.xml:22:5-24:47
27        android:name="com.example.fitme.DYNAMIC_RECEIVER_NOT_EXPORTED_PERMISSION"
27-->[androidx.core:core:1.13.1] AndroidManifest.xml:23:9-81
28        android:protectionLevel="signature" />
28-->[androidx.core:core:1.13.1] AndroidManifest.xml:24:9-44
29
30    <uses-permission android:name="com.example.fitme.DYNAMIC_RECEIVER_NOT_EXPORTED_PERMISSION" />
30-->[androidx.core:core:1.13.1] AndroidManifest.xml:26:5-97
30-->[androidx.core:core:1.13.1] AndroidManifest.xml:26:22-94
31
32    <application
32-->src\main\AndroidManifest.xml:6:5-51:19
33        android:allowBackup="true"
33-->src\main\AndroidManifest.xml:7:9-35
34        android:appComponentFactory="androidx.core.app.CoreComponentFactory"
34-->[androidx.core:core:1.13.1] AndroidManifest.xml:28:18-86
35        android:dataExtractionRules="@xml/data_extraction_rules"
35-->src\main\AndroidManifest.xml:8:9-65
36        android:debuggable="true"
37        android:extractNativeLibs="false"
38        android:fullBackupContent="@xml/backup_rules"
38-->src\main\AndroidManifest.xml:9:9-54
39        android:icon="@mipmap/ic_launcher"
39-->src\main\AndroidManifest.xml:10:9-43
40        android:label="@string/app_name"
40-->src\main\AndroidManifest.xml:11:9-41
41        android:roundIcon="@mipmap/ic_launcher_round"
41-->src\main\AndroidManifest.xml:12:9-54
42        android:supportsRtl="true"
42-->src\main\AndroidManifest.xml:13:9-35
43        android:testOnly="true"
44        android:theme="@style/Theme.FitMe" >
44-->src\main\AndroidManifest.xml:14:9-43
45        <activity
45-->src\main\AndroidManifest.xml:15:9-17:40
46            android:name="com.example.fitme.Progress"
46-->src\main\AndroidManifest.xml:16:13-37
47            android:exported="false" />
47-->src\main\AndroidManifest.xml:17:13-37
48        <activity
48-->src\main\AndroidManifest.xml:18:9-20:40
49            android:name="com.example.fitme.Camera"
49-->src\main\AndroidManifest.xml:19:13-35
50            android:exported="false" />
50-->src\main\AndroidManifest.xml:20:13-37
51        <activity
51-->src\main\AndroidManifest.xml:21:9-23:40
52            android:name="com.example.fitme.AddIntake"
52-->src\main\AndroidManifest.xml:22:13-38
53            android:exported="false" />
53-->src\main\AndroidManifest.xml:23:13-37
54        <activity
54-->src\main\AndroidManifest.xml:24:9-26:40
55            android:name="com.example.fitme.Settings"
55-->src\main\AndroidManifest.xml:25:13-37
56            android:exported="false" />
56-->src\main\AndroidManifest.xml:26:13-37
57        <activity
57-->src\main\AndroidManifest.xml:27:9-29:40
58            android:name="com.example.fitme.Profile"
58-->src\main\AndroidManifest.xml:28:13-36
59            android:exported="false" />
59-->src\main\AndroidManifest.xml:29:13-37
60        <activity
60-->src\main\AndroidManifest.xml:30:9-32:40
61            android:name="com.example.fitme.Home"
61-->src\main\AndroidManifest.xml:31:13-33
62            android:exported="false" />
62-->src\main\AndroidManifest.xml:32:13-37
63        <activity
63-->src\main\AndroidManifest.xml:33:9-35:40
64            android:name="com.example.fitme.Register"
64-->src\main\AndroidManifest.xml:34:13-37
65            android:exported="false" />
65-->src\main\AndroidManifest.xml:35:13-37
66        <activity
66-->src\main\AndroidManifest.xml:36:9-44:20
67            android:name="com.example.fitme.Login"
67-->src\main\AndroidManifest.xml:37:13-34
68            android:exported="true" >
68-->src\main\AndroidManifest.xml:38:13-36
69            <intent-filter>
69-->src\main\AndroidManifest.xml:39:13-43:29
70                <action android:name="android.intent.action.MAIN" />
70-->src\main\AndroidManifest.xml:40:17-69
70-->src\main\AndroidManifest.xml:40:25-66
71
72                <category android:name="android.intent.category.LAUNCHER" />
72-->src\main\AndroidManifest.xml:42:17-77
72-->src\main\AndroidManifest.xml:42:27-74
73            </intent-filter>
74        </activity>
75        <activity android:name="com.example.fitme.AboutUs" />
75-->src\main\AndroidManifest.xml:45:9-45
75-->src\main\AndroidManifest.xml:45:19-42
76        <activity android:name="com.example.fitme.PasswordChange" />
76-->src\main\AndroidManifest.xml:46:9-52
76-->src\main\AndroidManifest.xml:46:19-49
77        <activity android:name="com.example.fitme.PrivacyPolicy" />
77-->src\main\AndroidManifest.xml:47:9-51
77-->src\main\AndroidManifest.xml:47:19-48
78        <activity android:name="com.example.fitme.ProfileEditor" />
78-->src\main\AndroidManifest.xml:48:9-51
78-->src\main\AndroidManifest.xml:48:19-48
79        <activity android:name="com.example.fitme.TermsAndConditions" />
79-->src\main\AndroidManifest.xml:49:9-56
79-->src\main\AndroidManifest.xml:49:19-53
80
81        <service
81-->[androidx.room:room-runtime-android:2.8.1] AndroidManifest.xml:24:9-28:63
82            android:name="androidx.room.MultiInstanceInvalidationService"
82-->[androidx.room:room-runtime-android:2.8.1] AndroidManifest.xml:25:13-74
83            android:directBootAware="true"
83-->[androidx.room:room-runtime-android:2.8.1] AndroidManifest.xml:26:13-43
84            android:exported="false" />
84-->[androidx.room:room-runtime-android:2.8.1] AndroidManifest.xml:27:13-37
85
86        <activity
86-->[com.auth0.android:auth0:3.10.0] AndroidManifest.xml:23:9-28:75
87            android:name="com.auth0.android.provider.AuthenticationActivity"
87-->[com.auth0.android:auth0:3.10.0] AndroidManifest.xml:24:13-77
88            android:configChanges="screenSize|smallestScreenSize|screenLayout|orientation|keyboard|keyboardHidden"
88-->[com.auth0.android:auth0:3.10.0] AndroidManifest.xml:25:13-115
89            android:exported="false"
89-->[com.auth0.android:auth0:3.10.0] AndroidManifest.xml:26:13-37
90            android:launchMode="singleTask"
90-->[com.auth0.android:auth0:3.10.0] AndroidManifest.xml:27:13-44
91            android:theme="@android:style/Theme.Translucent.NoTitleBar" />
91-->[com.auth0.android:auth0:3.10.0] AndroidManifest.xml:28:13-72
92        <activity
92-->[com.auth0.android:auth0:3.10.0] AndroidManifest.xml:29:9-45:20
93            android:name="com.auth0.android.provider.RedirectActivity"
93-->[com.auth0.android:auth0:3.10.0] AndroidManifest.xml:30:13-71
94            android:exported="true" >
94-->[com.auth0.android:auth0:3.10.0] AndroidManifest.xml:31:13-36
95            <intent-filter android:autoVerify="true" >
95-->[com.auth0.android:auth0:3.10.0] AndroidManifest.xml:32:13-44:29
95-->[com.auth0.android:auth0:3.10.0] AndroidManifest.xml:33:17-42
96                <action android:name="android.intent.action.VIEW" />
96-->[com.auth0.android:auth0:3.10.0] AndroidManifest.xml:14:13-65
96-->[com.auth0.android:auth0:3.10.0] AndroidManifest.xml:14:21-62
97
98                <category android:name="android.intent.category.DEFAULT" />
98-->[com.auth0.android:auth0:3.10.0] AndroidManifest.xml:37:17-76
98-->[com.auth0.android:auth0:3.10.0] AndroidManifest.xml:37:27-73
99                <category android:name="android.intent.category.BROWSABLE" />
99-->[com.auth0.android:auth0:3.10.0] AndroidManifest.xml:16:13-74
99-->[com.auth0.android:auth0:3.10.0] AndroidManifest.xml:16:23-71
100
101                <data
101-->[com.auth0.android:auth0:3.10.0] AndroidManifest.xml:18:13-44
102                    android:host="@string/com_auth0_domain"
103                    android:pathPrefix="/android/com.example.fitme/callback"
104                    android:scheme="@string/com_auth0_scheme" />
104-->[com.auth0.android:auth0:3.10.0] AndroidManifest.xml:18:19-41
105            </intent-filter>
106        </activity>
107
108        <service
108-->[androidx.credentials:credentials-play-services-auth:1.3.0] AndroidManifest.xml:24:9-32:19
109            android:name="androidx.credentials.playservices.CredentialProviderMetadataHolder"
109-->[androidx.credentials:credentials-play-services-auth:1.3.0] AndroidManifest.xml:25:13-94
110            android:enabled="true"
110-->[androidx.credentials:credentials-play-services-auth:1.3.0] AndroidManifest.xml:26:13-35
111            android:exported="false" >
111-->[androidx.credentials:credentials-play-services-auth:1.3.0] AndroidManifest.xml:27:13-37
112            <meta-data
112-->[androidx.credentials:credentials-play-services-auth:1.3.0] AndroidManifest.xml:29:13-31:104
113                android:name="androidx.credentials.CREDENTIAL_PROVIDER_KEY"
113-->[androidx.credentials:credentials-play-services-auth:1.3.0] AndroidManifest.xml:30:17-76
114                android:value="androidx.credentials.playservices.CredentialProviderPlayServicesImpl" />
114-->[androidx.credentials:credentials-play-services-auth:1.3.0] AndroidManifest.xml:31:17-101
115        </service>
116
117        <activity
117-->[androidx.credentials:credentials-play-services-auth:1.3.0] AndroidManifest.xml:34:9-41:20
118            android:name="androidx.credentials.playservices.HiddenActivity"
118-->[androidx.credentials:credentials-play-services-auth:1.3.0] AndroidManifest.xml:35:13-76
119            android:configChanges="orientation|screenSize|screenLayout|keyboardHidden"
119-->[androidx.credentials:credentials-play-services-auth:1.3.0] AndroidManifest.xml:36:13-87
120            android:enabled="true"
120-->[androidx.credentials:credentials-play-services-auth:1.3.0] AndroidManifest.xml:37:13-35
121            android:exported="false"
121-->[androidx.credentials:credentials-play-services-auth:1.3.0] AndroidManifest.xml:38:13-37
122            android:fitsSystemWindows="true"
122-->[androidx.credentials:credentials-play-services-auth:1.3.0] AndroidManifest.xml:39:13-45
123            android:theme="@style/Theme.Hidden" >
123-->[androidx.credentials:credentials-play-services-auth:1.3.0] AndroidManifest.xml:40:13-48
124        </activity>
125        <activity
125-->[com.google.android.gms:play-services-auth:21.1.1] AndroidManifest.xml:23:9-27:75
126            android:name="com.google.android.gms.auth.api.signin.internal.SignInHubActivity"
126-->[com.google.android.gms:play-services-auth:21.1.1] AndroidManifest.xml:24:13-93
127            android:excludeFromRecents="true"
127-->[com.google.android.gms:play-services-auth:21.1.1] AndroidManifest.xml:25:13-46
128            android:exported="false"
128-->[com.google.android.gms:play-services-auth:21.1.1] AndroidManifest.xml:26:13-37
129            android:theme="@android:style/Theme.Translucent.NoTitleBar" />
129-->[com.google.android.gms:play-services-auth:21.1.1] AndroidManifest.xml:27:13-72
130        <!--
131            Service handling Google Sign-In user revocation. For apps that do not integrate with
132            Google Sign-In, this service will never be started.
133        -->
134        <service
134-->[com.google.android.gms:play-services-auth:21.1.1] AndroidManifest.xml:33:9-37:51
135            android:name="com.google.android.gms.auth.api.signin.RevocationBoundService"
135-->[com.google.android.gms:play-services-auth:21.1.1] AndroidManifest.xml:34:13-89
136            android:exported="true"
136-->[com.google.android.gms:play-services-auth:21.1.1] AndroidManifest.xml:35:13-36
137            android:permission="com.google.android.gms.auth.api.signin.permission.REVOCATION_NOTIFICATION"
137-->[com.google.android.gms:play-services-auth:21.1.1] AndroidManifest.xml:36:13-107
138            android:visibleToInstantApps="true" />
138-->[com.google.android.gms:play-services-auth:21.1.1] AndroidManifest.xml:37:13-48
139
140        <activity
140-->[com.google.android.gms:play-services-base:18.3.0] AndroidManifest.xml:20:9-22:45
141            android:name="com.google.android.gms.common.api.GoogleApiActivity"
141-->[com.google.android.gms:play-services-base:18.3.0] AndroidManifest.xml:20:19-85
142            android:exported="false"
142-->[com.google.android.gms:play-services-base:18.3.0] AndroidManifest.xml:22:19-43
143            android:theme="@android:style/Theme.Translucent.NoTitleBar" />
143-->[com.google.android.gms:play-services-base:18.3.0] AndroidManifest.xml:21:19-78
144
145        <meta-data
145-->[com.google.android.gms:play-services-basement:18.3.0] AndroidManifest.xml:21:9-23:69
146            android:name="com.google.android.gms.version"
146-->[com.google.android.gms:play-services-basement:18.3.0] AndroidManifest.xml:22:13-58
147            android:value="@integer/google_play_services_version" />
147-->[com.google.android.gms:play-services-basement:18.3.0] AndroidManifest.xml:23:13-66
148
149        <provider
149-->[androidx.emoji2:emoji2:1.3.0] AndroidManifest.xml:24:9-32:20
150            android:name="androidx.startup.InitializationProvider"
150-->[androidx.emoji2:emoji2:1.3.0] AndroidManifest.xml:25:13-67
151            android:authorities="com.example.fitme.androidx-startup"
151-->[androidx.emoji2:emoji2:1.3.0] AndroidManifest.xml:26:13-68
152            android:exported="false" >
152-->[androidx.emoji2:emoji2:1.3.0] AndroidManifest.xml:27:13-37
153            <meta-data
153-->[androidx.emoji2:emoji2:1.3.0] AndroidManifest.xml:29:13-31:52
154                android:name="androidx.emoji2.text.EmojiCompatInitializer"
154-->[androidx.emoji2:emoji2:1.3.0] AndroidManifest.xml:30:17-75
155                android:value="androidx.startup" />
155-->[androidx.emoji2:emoji2:1.3.0] AndroidManifest.xml:31:17-49
156            <meta-data
156-->[androidx.lifecycle:lifecycle-process:2.9.0] AndroidManifest.xml:29:13-31:52
157                android:name="androidx.lifecycle.ProcessLifecycleInitializer"
157-->[androidx.lifecycle:lifecycle-process:2.9.0] AndroidManifest.xml:30:17-78
158                android:value="androidx.startup" />
158-->[androidx.lifecycle:lifecycle-process:2.9.0] AndroidManifest.xml:31:17-49
159            <meta-data
159-->[androidx.profileinstaller:profileinstaller:1.4.0] AndroidManifest.xml:29:13-31:52
160                android:name="androidx.profileinstaller.ProfileInstallerInitializer"
160-->[androidx.profileinstaller:profileinstaller:1.4.0] AndroidManifest.xml:30:17-85
161                android:value="androidx.startup" />
161-->[androidx.profileinstaller:profileinstaller:1.4.0] AndroidManifest.xml:31:17-49
162        </provider>
163
164        <uses-library
164-->[androidx.window:window:1.0.0] AndroidManifest.xml:25:9-27:40
165            android:name="androidx.window.extensions"
165-->[androidx.window:window:1.0.0] AndroidManifest.xml:26:13-54
166            android:required="false" />
166-->[androidx.window:window:1.0.0] AndroidManifest.xml:27:13-37
167        <uses-library
167-->[androidx.window:window:1.0.0] AndroidManifest.xml:28:9-30:40
168            android:name="androidx.window.sidecar"
168-->[androidx.window:window:1.0.0] AndroidManifest.xml:29:13-51
169            android:required="false" />
169-->[androidx.window:window:1.0.0] AndroidManifest.xml:30:13-37
170
171        <receiver
171-->[androidx.profileinstaller:profileinstaller:1.4.0] AndroidManifest.xml:34:9-52:20
172            android:name="androidx.profileinstaller.ProfileInstallReceiver"
172-->[androidx.profileinstaller:profileinstaller:1.4.0] AndroidManifest.xml:35:13-76
173            android:directBootAware="false"
173-->[androidx.profileinstaller:profileinstaller:1.4.0] AndroidManifest.xml:36:13-44
174            android:enabled="true"
174-->[androidx.profileinstaller:profileinstaller:1.4.0] AndroidManifest.xml:37:13-35
175            android:exported="true"
175-->[androidx.profileinstaller:profileinstaller:1.4.0] AndroidManifest.xml:38:13-36
176            android:permission="android.permission.DUMP" >
176-->[androidx.profileinstaller:profileinstaller:1.4.0] AndroidManifest.xml:39:13-57
177            <intent-filter>
177-->[androidx.profileinstaller:profileinstaller:1.4.0] AndroidManifest.xml:40:13-42:29
178                <action android:name="androidx.profileinstaller.action.INSTALL_PROFILE" />
178-->[androidx.profileinstaller:profileinstaller:1.4.0] AndroidManifest.xml:41:17-91
178-->[androidx.profileinstaller:profileinstaller:1.4.0] AndroidManifest.xml:41:25-88
179            </intent-filter>
180            <intent-filter>
180-->[androidx.profileinstaller:profileinstaller:1.4.0] AndroidManifest.xml:43:13-45:29
181                <action android:name="androidx.profileinstaller.action.SKIP_FILE" />
181-->[androidx.profileinstaller:profileinstaller:1.4.0] AndroidManifest.xml:44:17-85
181-->[androidx.profileinstaller:profileinstaller:1.4.0] AndroidManifest.xml:44:25-82
182            </intent-filter>
183            <intent-filter>
183-->[androidx.profileinstaller:profileinstaller:1.4.0] AndroidManifest.xml:46:13-48:29
184                <action android:name="androidx.profileinstaller.action.SAVE_PROFILE" />
184-->[androidx.profileinstaller:profileinstaller:1.4.0] AndroidManifest.xml:47:17-88
184-->[androidx.profileinstaller:profileinstaller:1.4.0] AndroidManifest.xml:47:25-85
185            </intent-filter>
186            <intent-filter>
186-->[androidx.profileinstaller:profileinstaller:1.4.0] AndroidManifest.xml:49:13-51:29
187                <action android:name="androidx.profileinstaller.action.BENCHMARK_OPERATION" />
187-->[androidx.profileinstaller:profileinstaller:1.4.0] AndroidManifest.xml:50:17-95
187-->[androidx.profileinstaller:profileinstaller:1.4.0] AndroidManifest.xml:50:25-92
188            </intent-filter>
189        </receiver>
190    </application>
191
192</manifest>